<?xml version="1.0" encoding="UTF-8"?>
<!-- Generated by org.testng.reporters.JUnitXMLReporter -->
<testsuite ignored="4" hostname="ip-172-31-90-254" failures="0" tests="1" name="Default test" time="5.325" errors="0" timestamp="28 Apr 2024 12:04:01 GMT">
  <testcase classname="testcases.SignupLoginTest" name="TwoItemCheckoutTest" time="3.514"/>
  <testcase classname="testcases.SignupLoginTest" name="OneItemCheckoutTest" time="0.0">
    <ignored/>
  </testcase> <!-- OneItemCheckoutTest -->
  <testcase classname="testcases.SignupLoginTest" name="SignUpTest" time="0.0">
    <ignored/>
  </testcase> <!-- SignUpTest -->
  <testcase classname="testcases.SignupLoginTest" name="LoginSuccessTest" time="0.0">
    <ignored/>
  </testcase> <!-- LoginSuccessTest -->
  <testcase classname="testcases.SignupLoginTest" name="LoginFailureTest" time="0.0">
    <ignored/>
  </testcase> <!-- LoginFailureTest -->
</testsuite> <!-- Default test -->
