<?xml version="1.0" encoding="UTF-8"?>
<!-- Generated by org.testng.reporters.JUnitXMLReporter -->
<testsuite ignored="0" hostname="ip-172-31-90-254" failures="0" tests="5" name="Test" time="20.853" errors="0" timestamp="28 Apr 2024 12:14:16 GMT">
  <testcase classname="testcases.SignupLoginTest" name="LoginFailureTest" time="1.464"/>
  <testcase classname="testcases.SignupLoginTest" name="LoginSuccessTest" time="1.524"/>
  <testcase classname="testcases.SignupLoginTest" name="OneItemCheckoutTest" time="3.482"/>
  <testcase classname="testcases.SignupLoginTest" name="SignUpTest" time="3.987"/>
  <testcase classname="testcases.SignupLoginTest" name="TwoItemCheckoutTest" time="3.545"/>
</testsuite> <!-- Test -->
