<?xml version="1.0" encoding="UTF-8"?>
<testng-results ignored="0" total="5" passed="5" failed="0" skipped="0">
  <reporter-output>
  </reporter-output>
  <suite started-at="2024-04-28T12:13:55Z" name="Suite" finished-at="2024-04-28T12:14:16Z" duration-ms="20853">
    <groups>
    </groups>
    <test started-at="2024-04-28T12:13:55Z" name="Test" finished-at="2024-04-28T12:14:16Z" duration-ms="20853">
      <class name="testcases.SignupLoginTest">
        <test-method is-config="true" signature="SetUp()[pri:0, instance:testcases.SignupLoginTest@2796aeae]" started-at="2024-04-28T12:13:55Z" name="SetUp" finished-at="2024-04-28T12:13:57Z" duration-ms="1702" status="PASS">
          <reporter-output>
          </reporter-output>
        </test-method> <!-- SetUp -->
        <test-method signature="LoginFailureTest()[pri:0, instance:testcases.SignupLoginTest@2796aeae]" started-at="2024-04-28T12:13:57Z" name="LoginFailureTest" finished-at="2024-04-28T12:13:58Z" duration-ms="1464" status="PASS">
          <reporter-output>
          </reporter-output>
        </test-method> <!-- LoginFailureTest -->
        <test-method is-config="true" signature="TearDown()[pri:0, instance:testcases.SignupLoginTest@2796aeae]" started-at="2024-04-28T12:13:58Z" name="TearDown" finished-at="2024-04-28T12:13:58Z" duration-ms="85" status="PASS">
          <reporter-output>
          </reporter-output>
        </test-method> <!-- TearDown -->
        <test-method is-config="true" signature="SetUp()[pri:0, instance:testcases.SignupLoginTest@2796aeae]" started-at="2024-04-28T12:13:58Z" name="SetUp" finished-at="2024-04-28T12:14:00Z" duration-ms="1269" status="PASS">
          <reporter-output>
          </reporter-output>
        </test-method> <!-- SetUp -->
        <test-method signature="LoginSuccessTest()[pri:0, instance:testcases.SignupLoginTest@2796aeae]" started-at="2024-04-28T12:14:00Z" name="LoginSuccessTest" finished-at="2024-04-28T12:14:01Z" duration-ms="1524" status="PASS">
          <reporter-output>
          </reporter-output>
        </test-method> <!-- LoginSuccessTest -->
        <test-method is-config="true" signature="TearDown()[pri:0, instance:testcases.SignupLoginTest@2796aeae]" started-at="2024-04-28T12:14:01Z" name="TearDown" finished-at="2024-04-28T12:14:01Z" duration-ms="76" status="PASS">
          <reporter-output>
          </reporter-output>
        </test-method> <!-- TearDown -->
        <test-method is-config="true" signature="SetUp()[pri:0, instance:testcases.SignupLoginTest@2796aeae]" started-at="2024-04-28T12:14:01Z" name="SetUp" finished-at="2024-04-28T12:14:02Z" duration-ms="1209" status="PASS">
          <reporter-output>
          </reporter-output>
        </test-method> <!-- SetUp -->
        <test-method signature="OneItemCheckoutTest()[pri:0, instance:testcases.SignupLoginTest@2796aeae]" started-at="2024-04-28T12:14:02Z" name="OneItemCheckoutTest" finished-at="2024-04-28T12:14:06Z" duration-ms="3482" status="PASS">
          <reporter-output>
          </reporter-output>
        </test-method> <!-- OneItemCheckoutTest -->
        <test-method is-config="true" signature="TearDown()[pri:0, instance:testcases.SignupLoginTest@2796aeae]" started-at="2024-04-28T12:14:06Z" name="TearDown" finished-at="2024-04-28T12:14:06Z" duration-ms="76" status="PASS">
          <reporter-output>
          </reporter-output>
        </test-method> <!-- TearDown -->
        <test-method is-config="true" signature="SetUp()[pri:0, instance:testcases.SignupLoginTest@2796aeae]" started-at="2024-04-28T12:14:06Z" name="SetUp" finished-at="2024-04-28T12:14:07Z" duration-ms="1178" status="PASS">
          <reporter-output>
          </reporter-output>
        </test-method> <!-- SetUp -->
        <test-method signature="SignUpTest()[pri:0, instance:testcases.SignupLoginTest@2796aeae]" started-at="2024-04-28T12:14:07Z" name="SignUpTest" finished-at="2024-04-28T12:14:11Z" duration-ms="3987" status="PASS">
          <reporter-output>
          </reporter-output>
        </test-method> <!-- SignUpTest -->
        <test-method is-config="true" signature="TearDown()[pri:0, instance:testcases.SignupLoginTest@2796aeae]" started-at="2024-04-28T12:14:11Z" name="TearDown" finished-at="2024-04-28T12:14:11Z" duration-ms="70" status="PASS">
          <reporter-output>
          </reporter-output>
        </test-method> <!-- TearDown -->
        <test-method is-config="true" signature="SetUp()[pri:0, instance:testcases.SignupLoginTest@2796aeae]" started-at="2024-04-28T12:14:11Z" name="SetUp" finished-at="2024-04-28T12:14:12Z" duration-ms="1082" status="PASS">
          <reporter-output>
          </reporter-output>
        </test-method> <!-- SetUp -->
        <test-method signature="TwoItemCheckoutTest()[pri:0, instance:testcases.SignupLoginTest@2796aeae]" started-at="2024-04-28T12:14:12Z" name="TwoItemCheckoutTest" finished-at="2024-04-28T12:14:16Z" duration-ms="3545" status="PASS">
          <reporter-output>
          </reporter-output>
        </test-method> <!-- TwoItemCheckoutTest -->
        <test-method is-config="true" signature="TearDown()[pri:0, instance:testcases.SignupLoginTest@2796aeae]" started-at="2024-04-28T12:14:16Z" name="TearDown" finished-at="2024-04-28T12:14:16Z" duration-ms="76" status="PASS">
          <reporter-output>
          </reporter-output>
        </test-method> <!-- TearDown -->
      </class> <!-- testcases.SignupLoginTest -->
    </test> <!-- Test -->
  </suite> <!-- Suite -->
</testng-results>
